<?xml version="1.0" encoding="UTF-8"?>
<!-- Generated by org.testng.reporters.JUnitReportReporter -->
<testsuite hostname="Varsha-PC" failures="0" tests="2" name="testing.KolkathaMaven.ParametersDemo" time="0.041" errors="0" timestamp="2021-09-07T07:30:00 IST" skipped="0">
  <testcase classname="testing.KolkathaMaven.ParametersDemo" name="test" time="0.011"/>
  <system-out/>
  <testcase classname="testing.KolkathaMaven.ParametersDemo" name="print" time="0.030"/>
  <system-out/>
</testsuite> <!-- testing.KolkathaMaven.ParametersDemo -->
