<?xml version="1.0" encoding="UTF-8"?>
<!-- Generated by org.testng.reporters.JUnitReportReporter -->
<testsuite hostname="Varsha-PC" failures="0" tests="3" name="testing.KolkathaMaven.ParallelExecution" time="35.575" errors="0" timestamp="2021-09-07T08:10:57 IST" skipped="0">
  <testcase classname="testing.KolkathaMaven.ParallelExecution" name="googleTest2" time="17.769"/>
  <system-out/>
  <testcase classname="testing.KolkathaMaven.ParallelExecution" name="googleTest1" time="7.278"/>
  <system-out/>
  <testcase classname="testing.KolkathaMaven.ParallelExecution" name="googleTest" time="10.528"/>
  <system-out/>
</testsuite> <!-- testing.KolkathaMaven.ParallelExecution -->
