<?xml version="1.0" encoding="UTF-8"?>
<!-- Generated by org.testng.reporters.JUnitReportReporter -->
<testsuite hostname="Varsha-PC" failures="0" tests="3" name="testing.KolkathaMaven.DataProvider" time="27.365" errors="0" timestamp="2021-09-07T07:39:07 IST" skipped="0">
  <testcase classname="testing.KolkathaMaven.DataProvider" name="googleTest" time="9.152"/>
  <system-out/>
  <testcase classname="testing.KolkathaMaven.DataProvider" name="googleTest" time="6.175"/>
  <system-out/>
  <testcase classname="testing.KolkathaMaven.DataProvider" name="googleTest" time="12.038"/>
  <system-out/>
</testsuite> <!-- testing.KolkathaMaven.DataProvider -->
