<?xml version="1.0" encoding="UTF-8"?>
<!-- Generated by org.testng.reporters.JUnitReportReporter -->
<testsuite hostname="Varsha-PC" failures="0" tests="3" name="testing.KolkathaMaven.ParallelExecution2" time="38.747" errors="0" timestamp="2021-09-07T08:10:57 IST" skipped="0">
  <testcase classname="testing.KolkathaMaven.ParallelExecution2" name="googleTest2" time="13.472"/>
  <system-out/>
  <testcase classname="testing.KolkathaMaven.ParallelExecution2" name="googleTest" time="14.477"/>
  <system-out/>
  <testcase classname="testing.KolkathaMaven.ParallelExecution2" name="googleTest1" time="10.798"/>
  <system-out/>
</testsuite> <!-- testing.KolkathaMaven.ParallelExecution2 -->
