<?xml version="1.0" encoding="UTF-8"?>
<!-- Generated by org.testng.reporters.JUnitReportReporter -->
<testsuite hostname="Varsha-PC" failures="0" tests="2" name="testing.KolkathaMaven.GropusDemo" time="0.004" errors="0" timestamp="2021-08-27T08:14:58 IST" skipped="0">
  <testcase classname="testing.KolkathaMaven.GropusDemo" name="test2" time="0.002"/>
  <system-out/>
  <testcase classname="testing.KolkathaMaven.GropusDemo" name="test3" time="0.002"/>
  <system-out/>
</testsuite> <!-- testing.KolkathaMaven.GropusDemo -->
