<?xml version="1.0" encoding="UTF-8"?>
<!-- Generated by org.testng.reporters.JUnitReportReporter -->
<testsuite hostname="Varsha-PC" failures="0" tests="1" name="testing.KolkathaMaven.TestNGDemo" time="0.021" errors="0" timestamp="2021-08-27T08:09:55 IST" skipped="0">
  <testcase classname="testing.KolkathaMaven.TestNGDemo" name="testndDemo" time="0.021"/>
  <system-out/>
</testsuite> <!-- testing.KolkathaMaven.TestNGDemo -->
